[2024-05-16T12:00:11.701+0000] {local_task_job_runner.py:120} INFO - ::group::Pre task execution logs
[2024-05-16T12:00:11.732+0000] {taskinstance.py:2076} INFO - Dependencies all met for dep_context=non-requeueable deps ti=<TaskInstance: randomuser_ingestion.transform_user scheduled__2024-05-16T11:00:00+00:00 [queued]>
[2024-05-16T12:00:11.746+0000] {taskinstance.py:2076} INFO - Dependencies all met for dep_context=requeueable deps ti=<TaskInstance: randomuser_ingestion.transform_user scheduled__2024-05-16T11:00:00+00:00 [queued]>
[2024-05-16T12:00:11.747+0000] {taskinstance.py:2306} INFO - Starting attempt 1 of 1
[2024-05-16T12:00:11.769+0000] {taskinstance.py:2330} INFO - Executing <Task(PythonOperator): transform_user> on 2024-05-16 11:00:00+00:00
[2024-05-16T12:00:11.780+0000] {warnings.py:110} WARNING - /home/***/.local/lib/python3.12/site-packages/***/task/task_runner/standard_task_runner.py:61: DeprecationWarning: This process (pid=2192) is multi-threaded, use of fork() may lead to deadlocks in the child.
  pid = os.fork()

[2024-05-16T12:00:11.783+0000] {standard_task_runner.py:63} INFO - Started process 2194 to run task
[2024-05-16T12:00:11.782+0000] {standard_task_runner.py:90} INFO - Running: ['***', 'tasks', 'run', 'randomuser_ingestion', 'transform_user', 'scheduled__2024-05-16T11:00:00+00:00', '--job-id', '1069', '--raw', '--subdir', 'DAGS_FOLDER/randomuser_ingestion.py', '--cfg-path', '/tmp/tmp_rj743zw']
[2024-05-16T12:00:11.788+0000] {standard_task_runner.py:91} INFO - Job 1069: Subtask transform_user
[2024-05-16T12:00:11.861+0000] {task_command.py:426} INFO - Running <TaskInstance: randomuser_ingestion.transform_user scheduled__2024-05-16T11:00:00+00:00 [running]> on host 8d1d9b6df744
[2024-05-16T12:00:12.001+0000] {taskinstance.py:2648} INFO - Exporting env vars: AIRFLOW_CTX_DAG_OWNER='***' AIRFLOW_CTX_DAG_ID='randomuser_ingestion' AIRFLOW_CTX_TASK_ID='transform_user' AIRFLOW_CTX_EXECUTION_DATE='2024-05-16T11:00:00+00:00' AIRFLOW_CTX_TRY_NUMBER='1' AIRFLOW_CTX_DAG_RUN_ID='scheduled__2024-05-16T11:00:00+00:00'
[2024-05-16T12:00:12.004+0000] {taskinstance.py:430} INFO - ::endgroup::
[2024-05-16T12:00:12.019+0000] {taskinstance.py:441} INFO - ::group::Post task execution logs
[2024-05-16T12:00:12.020+0000] {taskinstance.py:2905} ERROR - Task failed with exception
Traceback (most recent call last):
  File "/home/airflow/.local/lib/python3.12/site-packages/airflow/models/taskinstance.py", line 465, in _execute_task
    result = _execute_callable(context=context, **execute_callable_kwargs)
             ^^^^^^^^^^^^^^^^^^^^^^^^^^^^^^^^^^^^^^^^^^^^^^^^^^^^^^^^^^^^^
  File "/home/airflow/.local/lib/python3.12/site-packages/airflow/models/taskinstance.py", line 432, in _execute_callable
    return execute_callable(context=context, **execute_callable_kwargs)
           ^^^^^^^^^^^^^^^^^^^^^^^^^^^^^^^^^^^^^^^^^^^^^^^^^^^^^^^^^^^^
  File "/home/airflow/.local/lib/python3.12/site-packages/airflow/models/baseoperator.py", line 400, in wrapper
    return func(self, *args, **kwargs)
           ^^^^^^^^^^^^^^^^^^^^^^^^^^^
  File "/home/airflow/.local/lib/python3.12/site-packages/airflow/operators/python.py", line 235, in execute
    return_value = self.execute_callable()
                   ^^^^^^^^^^^^^^^^^^^^^^^
  File "/home/airflow/.local/lib/python3.12/site-packages/airflow/operators/python.py", line 252, in execute_callable
    return self.python_callable(*self.op_args, **self.op_kwargs)
           ^^^^^^^^^^^^^^^^^^^^^^^^^^^^^^^^^^^^^^^^^^^^^^^^^^^^^
  File "/opt/airflow/dags/randomuser_ingestion.py", line 18, in transform_user
    response = json.load(response) #str to dict
               ^^^^^^^^^^^^^^^^^^^
  File "/usr/local/lib/python3.12/json/__init__.py", line 293, in load
    return loads(fp.read(),
                 ^^^^^^^
AttributeError: 'str' object has no attribute 'read'
[2024-05-16T12:00:12.040+0000] {taskinstance.py:1206} INFO - Marking task as FAILED. dag_id=randomuser_ingestion, task_id=transform_user, run_id=scheduled__2024-05-16T11:00:00+00:00, execution_date=20240516T110000, start_date=20240516T120011, end_date=20240516T120012
[2024-05-16T12:00:12.057+0000] {standard_task_runner.py:110} ERROR - Failed to execute job 1069 for task transform_user ('str' object has no attribute 'read'; 2194)
[2024-05-16T12:00:12.080+0000] {local_task_job_runner.py:240} INFO - Task exited with return code 1
[2024-05-16T12:00:12.106+0000] {taskinstance.py:3498} INFO - 0 downstream tasks scheduled from follow-on schedule check
[2024-05-16T12:00:12.112+0000] {local_task_job_runner.py:222} INFO - ::endgroup::
