[2024-05-13T14:47:24.776+0000] {local_task_job_runner.py:120} INFO - ::group::Pre task execution logs
[2024-05-13T14:47:24.815+0000] {taskinstance.py:2076} INFO - Dependencies all met for dep_context=non-requeueable deps ti=<TaskInstance: students.load manual__2024-05-13T14:46:58.864429+00:00 [queued]>
[2024-05-13T14:47:24.831+0000] {taskinstance.py:2076} INFO - Dependencies all met for dep_context=requeueable deps ti=<TaskInstance: students.load manual__2024-05-13T14:46:58.864429+00:00 [queued]>
[2024-05-13T14:47:24.832+0000] {taskinstance.py:2306} INFO - Starting attempt 2 of 2
[2024-05-13T14:47:24.861+0000] {taskinstance.py:2330} INFO - Executing <Task(_PythonDecoratedOperator): load> on 2024-05-13 14:46:58.864429+00:00
[2024-05-13T14:47:24.874+0000] {warnings.py:110} WARNING - /home/***/.local/lib/python3.12/site-packages/***/task/task_runner/standard_task_runner.py:61: DeprecationWarning: This process (pid=1492) is multi-threaded, use of fork() may lead to deadlocks in the child.
  pid = os.fork()

[2024-05-13T14:47:24.883+0000] {standard_task_runner.py:63} INFO - Started process 1494 to run task
[2024-05-13T14:47:24.890+0000] {standard_task_runner.py:90} INFO - Running: ['***', 'tasks', 'run', 'students', 'load', 'manual__2024-05-13T14:46:58.864429+00:00', '--job-id', '258', '--raw', '--subdir', 'DAGS_FOLDER/students.py', '--cfg-path', '/tmp/tmpmuvv3_6g']
[2024-05-13T14:47:24.895+0000] {standard_task_runner.py:91} INFO - Job 258: Subtask load
[2024-05-13T14:47:24.971+0000] {task_command.py:426} INFO - Running <TaskInstance: students.load manual__2024-05-13T14:46:58.864429+00:00 [running]> on host c2025ffc2c56
[2024-05-13T14:47:25.169+0000] {taskinstance.py:2648} INFO - Exporting env vars: AIRFLOW_CTX_DAG_OWNER='***' AIRFLOW_CTX_DAG_ID='students' AIRFLOW_CTX_TASK_ID='load' AIRFLOW_CTX_EXECUTION_DATE='2024-05-13T14:46:58.864429+00:00' AIRFLOW_CTX_TRY_NUMBER='2' AIRFLOW_CTX_DAG_RUN_ID='manual__2024-05-13T14:46:58.864429+00:00'
[2024-05-13T14:47:25.172+0000] {taskinstance.py:430} INFO - ::endgroup::
[2024-05-13T14:47:25.173+0000] {taskinstance.py:441} INFO - ::group::Post task execution logs
[2024-05-13T14:47:25.174+0000] {taskinstance.py:2905} ERROR - Task failed with exception
Traceback (most recent call last):
  File "/home/airflow/.local/lib/python3.12/site-packages/airflow/models/taskinstance.py", line 465, in _execute_task
    result = _execute_callable(context=context, **execute_callable_kwargs)
             ^^^^^^^^^^^^^^^^^^^^^^^^^^^^^^^^^^^^^^^^^^^^^^^^^^^^^^^^^^^^^
  File "/home/airflow/.local/lib/python3.12/site-packages/airflow/models/taskinstance.py", line 432, in _execute_callable
    return execute_callable(context=context, **execute_callable_kwargs)
           ^^^^^^^^^^^^^^^^^^^^^^^^^^^^^^^^^^^^^^^^^^^^^^^^^^^^^^^^^^^^
  File "/home/airflow/.local/lib/python3.12/site-packages/airflow/models/baseoperator.py", line 400, in wrapper
    return func(self, *args, **kwargs)
           ^^^^^^^^^^^^^^^^^^^^^^^^^^^
  File "/home/airflow/.local/lib/python3.12/site-packages/airflow/decorators/base.py", line 265, in execute
    return_value = super().execute(context)
                   ^^^^^^^^^^^^^^^^^^^^^^^^
  File "/home/airflow/.local/lib/python3.12/site-packages/airflow/models/baseoperator.py", line 400, in wrapper
    return func(self, *args, **kwargs)
           ^^^^^^^^^^^^^^^^^^^^^^^^^^^
  File "/home/airflow/.local/lib/python3.12/site-packages/airflow/operators/python.py", line 235, in execute
    return_value = self.execute_callable()
                   ^^^^^^^^^^^^^^^^^^^^^^^
  File "/home/airflow/.local/lib/python3.12/site-packages/airflow/operators/python.py", line 252, in execute_callable
    return self.python_callable(*self.op_args, **self.op_kwargs)
           ^^^^^^^^^^^^^^^^^^^^^^^^^^^^^^^^^^^^^^^^^^^^^^^^^^^^^
  File "/opt/airflow/dags/students.py", line 38, in load
    with open(target_file, 'a') as f:
              ^^^^^^^^^^^
NameError: name 'target_file' is not defined
[2024-05-13T14:47:25.200+0000] {taskinstance.py:1206} INFO - Marking task as FAILED. dag_id=students, task_id=load, run_id=manual__2024-05-13T14:46:58.864429+00:00, execution_date=20240513T144658, start_date=20240513T144724, end_date=20240513T144725
[2024-05-13T14:47:25.223+0000] {standard_task_runner.py:110} ERROR - Failed to execute job 258 for task load (name 'target_file' is not defined; 1494)
[2024-05-13T14:47:25.261+0000] {local_task_job_runner.py:240} INFO - Task exited with return code 1
[2024-05-13T14:47:25.291+0000] {taskinstance.py:3498} INFO - 0 downstream tasks scheduled from follow-on schedule check
[2024-05-13T14:47:25.294+0000] {local_task_job_runner.py:222} INFO - ::endgroup::
