[2024-05-13T14:53:25.639+0000] {local_task_job_runner.py:120} INFO - ::group::Pre task execution logs
[2024-05-13T14:53:25.676+0000] {taskinstance.py:2076} INFO - Dependencies all met for dep_context=non-requeueable deps ti=<TaskInstance: students.load scheduled__2024-05-13T14:46:00+00:00 [queued]>
[2024-05-13T14:53:25.690+0000] {taskinstance.py:2076} INFO - Dependencies all met for dep_context=requeueable deps ti=<TaskInstance: students.load scheduled__2024-05-13T14:46:00+00:00 [queued]>
[2024-05-13T14:53:25.691+0000] {taskinstance.py:2306} INFO - Starting attempt 2 of 2
[2024-05-13T14:53:25.712+0000] {taskinstance.py:2330} INFO - Executing <Task(_PythonDecoratedOperator): load> on 2024-05-13 14:46:00+00:00
[2024-05-13T14:53:25.721+0000] {warnings.py:110} WARNING - /home/***/.local/lib/python3.12/site-packages/***/task/task_runner/standard_task_runner.py:61: DeprecationWarning: This process (pid=1616) is multi-threaded, use of fork() may lead to deadlocks in the child.
  pid = os.fork()

[2024-05-13T14:53:25.723+0000] {standard_task_runner.py:63} INFO - Started process 1618 to run task
[2024-05-13T14:53:25.724+0000] {standard_task_runner.py:90} INFO - Running: ['***', 'tasks', 'run', 'students', 'load', 'scheduled__2024-05-13T14:46:00+00:00', '--job-id', '276', '--raw', '--subdir', 'DAGS_FOLDER/students.py', '--cfg-path', '/tmp/tmp6q0fohw6']
[2024-05-13T14:53:25.728+0000] {standard_task_runner.py:91} INFO - Job 276: Subtask load
[2024-05-13T14:53:25.814+0000] {task_command.py:426} INFO - Running <TaskInstance: students.load scheduled__2024-05-13T14:46:00+00:00 [running]> on host c2025ffc2c56
[2024-05-13T14:53:25.961+0000] {taskinstance.py:2648} INFO - Exporting env vars: AIRFLOW_CTX_DAG_OWNER='***' AIRFLOW_CTX_DAG_ID='students' AIRFLOW_CTX_TASK_ID='load' AIRFLOW_CTX_EXECUTION_DATE='2024-05-13T14:46:00+00:00' AIRFLOW_CTX_TRY_NUMBER='2' AIRFLOW_CTX_DAG_RUN_ID='scheduled__2024-05-13T14:46:00+00:00'
[2024-05-13T14:53:25.963+0000] {taskinstance.py:430} INFO - ::endgroup::
[2024-05-13T14:53:25.967+0000] {taskinstance.py:441} INFO - ::group::Post task execution logs
[2024-05-13T14:53:25.968+0000] {taskinstance.py:2905} ERROR - Task failed with exception
Traceback (most recent call last):
  File "/home/airflow/.local/lib/python3.12/site-packages/airflow/models/taskinstance.py", line 465, in _execute_task
    result = _execute_callable(context=context, **execute_callable_kwargs)
             ^^^^^^^^^^^^^^^^^^^^^^^^^^^^^^^^^^^^^^^^^^^^^^^^^^^^^^^^^^^^^
  File "/home/airflow/.local/lib/python3.12/site-packages/airflow/models/taskinstance.py", line 432, in _execute_callable
    return execute_callable(context=context, **execute_callable_kwargs)
           ^^^^^^^^^^^^^^^^^^^^^^^^^^^^^^^^^^^^^^^^^^^^^^^^^^^^^^^^^^^^
  File "/home/airflow/.local/lib/python3.12/site-packages/airflow/models/baseoperator.py", line 400, in wrapper
    return func(self, *args, **kwargs)
           ^^^^^^^^^^^^^^^^^^^^^^^^^^^
  File "/home/airflow/.local/lib/python3.12/site-packages/airflow/decorators/base.py", line 265, in execute
    return_value = super().execute(context)
                   ^^^^^^^^^^^^^^^^^^^^^^^^
  File "/home/airflow/.local/lib/python3.12/site-packages/airflow/models/baseoperator.py", line 400, in wrapper
    return func(self, *args, **kwargs)
           ^^^^^^^^^^^^^^^^^^^^^^^^^^^
  File "/home/airflow/.local/lib/python3.12/site-packages/airflow/operators/python.py", line 235, in execute
    return_value = self.execute_callable()
                   ^^^^^^^^^^^^^^^^^^^^^^^
  File "/home/airflow/.local/lib/python3.12/site-packages/airflow/operators/python.py", line 252, in execute_callable
    return self.python_callable(*self.op_args, **self.op_kwargs)
           ^^^^^^^^^^^^^^^^^^^^^^^^^^^^^^^^^^^^^^^^^^^^^^^^^^^^^
  File "/opt/airflow/dags/students.py", line 41, in load
    f.write(f"{o['id']},{o['name']}\n")
               ~^^^^^^
TypeError: string indices must be integers, not 'str'
[2024-05-13T14:53:25.982+0000] {taskinstance.py:1206} INFO - Marking task as FAILED. dag_id=students, task_id=load, run_id=scheduled__2024-05-13T14:46:00+00:00, execution_date=20240513T144600, start_date=20240513T145325, end_date=20240513T145325
[2024-05-13T14:53:25.998+0000] {standard_task_runner.py:110} ERROR - Failed to execute job 276 for task load (string indices must be integers, not 'str'; 1618)
[2024-05-13T14:53:26.019+0000] {local_task_job_runner.py:240} INFO - Task exited with return code 1
[2024-05-13T14:53:26.040+0000] {taskinstance.py:3498} INFO - 0 downstream tasks scheduled from follow-on schedule check
[2024-05-13T14:53:26.043+0000] {local_task_job_runner.py:222} INFO - ::endgroup::
