[2024-05-16T12:00:52.973+0000] {local_task_job_runner.py:120} INFO - ::group::Pre task execution logs
[2024-05-16T12:00:53.005+0000] {taskinstance.py:2076} INFO - Dependencies all met for dep_context=non-requeueable deps ti=<TaskInstance: randomuser_ingestion.transform_user manual__2024-05-16T12:00:39.731378+00:00 [queued]>
[2024-05-16T12:00:53.021+0000] {taskinstance.py:2076} INFO - Dependencies all met for dep_context=requeueable deps ti=<TaskInstance: randomuser_ingestion.transform_user manual__2024-05-16T12:00:39.731378+00:00 [queued]>
[2024-05-16T12:00:53.023+0000] {taskinstance.py:2306} INFO - Starting attempt 1 of 1
[2024-05-16T12:00:53.048+0000] {taskinstance.py:2330} INFO - Executing <Task(PythonOperator): transform_user> on 2024-05-16 12:00:39.731378+00:00
[2024-05-16T12:00:53.060+0000] {warnings.py:110} WARNING - /home/***/.local/lib/python3.12/site-packages/***/task/task_runner/standard_task_runner.py:61: DeprecationWarning: This process (pid=2211) is multi-threaded, use of fork() may lead to deadlocks in the child.
  pid = os.fork()

[2024-05-16T12:00:53.063+0000] {standard_task_runner.py:63} INFO - Started process 2213 to run task
[2024-05-16T12:00:53.063+0000] {standard_task_runner.py:90} INFO - Running: ['***', 'tasks', 'run', 'randomuser_ingestion', 'transform_user', 'manual__2024-05-16T12:00:39.731378+00:00', '--job-id', '1073', '--raw', '--subdir', 'DAGS_FOLDER/randomuser_ingestion.py', '--cfg-path', '/tmp/tmpivxdm6g6']
[2024-05-16T12:00:53.067+0000] {standard_task_runner.py:91} INFO - Job 1073: Subtask transform_user
[2024-05-16T12:00:53.144+0000] {task_command.py:426} INFO - Running <TaskInstance: randomuser_ingestion.transform_user manual__2024-05-16T12:00:39.731378+00:00 [running]> on host 8d1d9b6df744
[2024-05-16T12:00:53.293+0000] {taskinstance.py:2648} INFO - Exporting env vars: AIRFLOW_CTX_DAG_OWNER='***' AIRFLOW_CTX_DAG_ID='randomuser_ingestion' AIRFLOW_CTX_TASK_ID='transform_user' AIRFLOW_CTX_EXECUTION_DATE='2024-05-16T12:00:39.731378+00:00' AIRFLOW_CTX_TRY_NUMBER='1' AIRFLOW_CTX_DAG_RUN_ID='manual__2024-05-16T12:00:39.731378+00:00'
[2024-05-16T12:00:53.296+0000] {taskinstance.py:430} INFO - ::endgroup::
[2024-05-16T12:00:53.313+0000] {taskinstance.py:441} INFO - ::group::Post task execution logs
[2024-05-16T12:00:53.314+0000] {taskinstance.py:2905} ERROR - Task failed with exception
Traceback (most recent call last):
  File "/home/airflow/.local/lib/python3.12/site-packages/airflow/models/taskinstance.py", line 465, in _execute_task
    result = _execute_callable(context=context, **execute_callable_kwargs)
             ^^^^^^^^^^^^^^^^^^^^^^^^^^^^^^^^^^^^^^^^^^^^^^^^^^^^^^^^^^^^^
  File "/home/airflow/.local/lib/python3.12/site-packages/airflow/models/taskinstance.py", line 432, in _execute_callable
    return execute_callable(context=context, **execute_callable_kwargs)
           ^^^^^^^^^^^^^^^^^^^^^^^^^^^^^^^^^^^^^^^^^^^^^^^^^^^^^^^^^^^^
  File "/home/airflow/.local/lib/python3.12/site-packages/airflow/models/baseoperator.py", line 400, in wrapper
    return func(self, *args, **kwargs)
           ^^^^^^^^^^^^^^^^^^^^^^^^^^^
  File "/home/airflow/.local/lib/python3.12/site-packages/airflow/operators/python.py", line 235, in execute
    return_value = self.execute_callable()
                   ^^^^^^^^^^^^^^^^^^^^^^^
  File "/home/airflow/.local/lib/python3.12/site-packages/airflow/operators/python.py", line 252, in execute_callable
    return self.python_callable(*self.op_args, **self.op_kwargs)
           ^^^^^^^^^^^^^^^^^^^^^^^^^^^^^^^^^^^^^^^^^^^^^^^^^^^^^
  File "/opt/airflow/dags/randomuser_ingestion.py", line 18, in transform_user
    response = json.load(response) #str to dict
               ^^^^^^^^^^^^^^^^^^^
  File "/usr/local/lib/python3.12/json/__init__.py", line 293, in load
    return loads(fp.read(),
                 ^^^^^^^
AttributeError: 'str' object has no attribute 'read'
[2024-05-16T12:00:53.335+0000] {taskinstance.py:1206} INFO - Marking task as FAILED. dag_id=randomuser_ingestion, task_id=transform_user, run_id=manual__2024-05-16T12:00:39.731378+00:00, execution_date=20240516T120039, start_date=20240516T120053, end_date=20240516T120053
[2024-05-16T12:00:53.355+0000] {standard_task_runner.py:110} ERROR - Failed to execute job 1073 for task transform_user ('str' object has no attribute 'read'; 2213)
[2024-05-16T12:00:53.399+0000] {local_task_job_runner.py:240} INFO - Task exited with return code 1
[2024-05-16T12:00:53.429+0000] {taskinstance.py:3498} INFO - 0 downstream tasks scheduled from follow-on schedule check
[2024-05-16T12:00:53.433+0000] {local_task_job_runner.py:222} INFO - ::endgroup::
